{
  "RSpec": {
    "coverage": {
      "/home/r1/project/datingapp-273542-ruby/template-app/spec/api/bx_block_time_clock/questions_controller_spec.rb": [
        1,
        1,
        null,
        1,
        1,
        1,
        1,
        1,
        null,
        null,
        null
      ],
      "/home/r1/project/datingapp-273542-ruby/template-app/spec/rails_helper.rb": [
        null,
        null,
        null,
        1,
        null,
        1,
        1,
        1,
        null,
        1,
        2,
        null,
        1,
        null,
        0,
        0,
        null,
        1,
        1,
        1,
        1,
        1,
        null,
        1,
        null,
        null,
        1,
        null,
        null,
        null,
        null,
        null,
        null,
        null,
        null,
        null,
        null,
        null,
        null,
        null,
        null,
        null,
        null,
        null,
        null,
        null,
        null,
        null,
        1,
        1,
        1,
        1,
        null,
        null,
        null
      ],
      "/home/r1/project/datingapp-273542-ruby/template-app/config/environment.rb": [
        null,
        1,
        null,
        null,
        1
      ],
      "/home/r1/project/datingapp-273542-ruby/template-app/config/application.rb": [
        1,
        null,
        1,
        null,
        1,
        1,
        1,
        1,
        1,
        1,
        1,
        1,
        1,
        null,
        null,
        null,
        null,
        null,
        null,
        1,
        null,
        1,
        1,
        null,
        1,
        null,
        null,
        null,
        null,
        null,
        null,
        null,
        null,
        null,
        1,
        1,
        1,
        1,
        1,
        null,
        1,
        null,
        null
      ],
      "/home/r1/project/datingapp-273542-ruby/template-app/config/boot.rb": [
        1,
        null,
        1
      ],
      "/home/r1/project/datingapp-273542-ruby/template-app/config/environments/development.rb": [
        1,
        1,
        null,
        null,
        null,
        null,
        null,
        1,
        1,
        null,
        1,
        null,
        null,
        1,
        null,
        null,
        null,
        1,
        0,
        0,
        null,
        null,
        null,
        1,
        null,
        1,
        null,
        null,
        null,
        1,
        null,
        null,
        1,
        null,
        1,
        null,
        null,
        1,
        null,
        null,
        1,
        null,
        null,
        1,
        null,
        null,
        null,
        null,
        null,
        null,
        null,
        null,
        null
      ],
      "/home/r1/project/datingapp-273542-ruby/template-app/config/initializers/active_admin.rb": [
        1,
        null,
        null,
        null,
        null,
        null,
        1,
        null,
        null,
        null,
        null,
        null,
        null,
        null,
        null,
        null,
        null,
        null,
        null,
        null,
        null,
        null,
        null,
        null,
        null,
        null,
        null,
        null,
        null,
        null,
        null,
        null,
        null,
        null,
        null,
        null,
        null,
        null,
        null,
        null,
        null,
        null,
        null,
        null,
        null,
        null,
        null,
        null,
        null,
        null,
        null,
        null,
        null,
        null,
        null,
        null,
        1,
        null,
        null,
        null,
        null,
        null,
        null,
        null,
        null,
        null,
        null,
        null,
        null,
        null,
        null,
        null,
        null,
        null,
        null,
        null,
        null,
        null,
        null,
        null,
        null,
        null,
        null,
        null,
        null,
        null,
        null,
        null,
        null,
        null,
        null,
        null,
        null,
        1,
        null,
        null,
        null,
        null,
        null,
        null,
        null,
        null,
        null,
        null,
        null,
        1,
        null,
        null,
        null,
        null,
        null,
        null,
        null,
        null,
        null,
        null,
        null,
        null,
        null,
        null,
        null,
        null,
        null,
        null,
        null,
        null,
        null,
        null,
        null,
        null,
        null,
        null,
        null,
        null,
        null,
        null,
        null,
        null,
        null,
        null,
        null,
        null,
        null,
        null,
        null,
        1,
        null,
        null,
        null,
        null,
        null,
        null,
        null,
        null,
        null,
        null,
        null,
        null,
        null,
        1,
        null,
        null,
        null,
        null,
        null,
        null,
        null,
        null,
        null,
        null,
        1,
        null,
        null,
        null,
        null,
        null,
        null,
        null,
        null,
        null,
        null,
        null,
        null,
        null,
        null,
        null,
        null,
        null,
        null,
        null,
        null,
        null,
        null,
        null,
        null,
        null,
        null,
        null,
        null,
        null,
        null,
        null,
        null,
        null,
        null,
        null,
        null,
        null,
        null,
        null,
        null,
        null,
        null,
        null,
        null,
        null,
        null,
        null,
        null,
        null,
        null,
        null,
        null,
        null,
        null,
        null,
        null,
        null,
        null,
        null,
        null,
        null,
        null,
        null,
        null,
        null,
        null,
        null,
        null,
        null,
        null,
        null,
        null,
        null,
        null,
        null,
        null,
        null,
        null,
        null,
        null,
        null,
        null,
        null,
        null,
        null,
        null,
        null,
        null,
        null,
        null,
        null,
        null,
        null,
        null,
        null,
        null,
        null,
        null,
        null,
        null,
        null,
        null,
        null,
        null,
        null,
        null,
        null,
        null,
        null,
        null,
        null,
        null,
        null,
        null,
        null,
        null,
        null,
        null,
        null,
        null,
        null,
        null,
        null,
        null,
        null,
        null,
        null,
        null,
        null,
        null,
        null,
        null,
        null,
        null,
        null,
        null,
        null,
        null,
        null,
        null,
        null,
        null,
        null,
        null,
        null,
        null,
        null,
        null,
        null,
        null,
        null,
        null,
        null,
        null,
        null,
        null,
        null,
        null,
        null,
        null,
        null,
        null,
        null,
        null,
        1,
        1,
        null
      ],
      "/home/r1/project/datingapp-273542-ruby/template-app/config/initializers/application_controller_renderer.rb": [
        null,
        null,
        null,
        null,
        null,
        null,
        null,
        null
      ],
      "/home/r1/project/datingapp-273542-ruby/template-app/config/initializers/backtrace_silencers.rb": [
        null,
        null,
        null,
        null,
        null,
        null,
        null
      ],
      "/home/r1/project/datingapp-273542-ruby/template-app/config/initializers/cors.rb": [
        null,
        null,
        null,
        null,
        null,
        null,
        null,
        null,
        null,
        null,
        null,
        null,
        null,
        null,
        null,
        null
      ],
      "/home/r1/project/datingapp-273542-ruby/template-app/config/initializers/devise.rb": [
        null,
        null,
        null,
        null,
        null,
        null,
        null,
        null,
        null,
        null,
        1,
        null,
        null,
        null,
        null,
        null,
        1,
        null,
        null,
        null,
        null,
        null,
        null,
        null,
        null,
        null,
        1,
        null,
        null,
        null,
        null,
        null,
        null,
        null,
        null,
        null,
        null,
        null,
        1,
        null,
        null,
        null,
        null,
        null,
        null,
        null,
        null,
        null,
        null,
        null,
        null,
        null,
        null,
        null,
        null,
        null,
        null,
        null,
        null,
        null,
        1,
        null,
        null,
        null,
        null,
        1,
        null,
        null,
        null,
        null,
        null,
        null,
        null,
        null,
        null,
        null,
        null,
        null,
        null,
        null,
        null,
        null,
        null,
        null,
        null,
        null,
        null,
        null,
        null,
        null,
        null,
        null,
        null,
        null,
        null,
        null,
        null,
        null,
        null,
        1,
        null,
        null,
        null,
        null,
        null,
        null,
        null,
        null,
        null,
        null,
        null,
        null,
        null,
        null,
        null,
        null,
        null,
        null,
        null,
        null,
        null,
        null,
        null,
        null,
        null,
        1,
        null,
        null,
        null,
        null,
        null,
        null,
        null,
        null,
        null,
        null,
        null,
        null,
        null,
        null,
        null,
        null,
        null,
        null,
        null,
        null,
        null,
        null,
        null,
        null,
        null,
        null,
        null,
        null,
        null,
        null,
        null,
        null,
        null,
        1,
        null,
        null,
        null,
        null,
        null,
        null,
        null,
        null,
        null,
        1,
        null,
        null,
        null,
        null,
        null,
        null,
        null,
        null,
        null,
        null,
        1,
        null,
        null,
        null,
        null,
        1,
        null,
        null,
        null,
        null,
        null,
        null,
        null,
        null,
        null,
        null,
        null,
        null,
        null,
        null,
        null,
        null,
        null,
        null,
        null,
        null,
        null,
        null,
        null,
        null,
        null,
        null,
        null,
        null,
        null,
        null,
        null,
        null,
        null,
        null,
        null,
        null,
        null,
        null,
        null,
        null,
        1,
        null,
        null,
        null,
        null,
        null,
        null,
        null,
        null,
        null,
        null,
        null,
        null,
        null,
        null,
        null,
        null,
        null,
        null,
        null,
        null,
        null,
        null,
        null,
        null,
        null,
        null,
        null,
        null,
        null,
        null,
        null,
        null,
        null,
        null,
        null,
        null,
        null,
        null,
        null,
        null,
        null,
        1,
        null,
        null,
        null,
        null,
        null,
        null,
        null,
        null,
        null,
        null,
        null,
        null,
        null,
        null,
        null,
        null,
        null,
        null,
        null,
        null,
        null,
        null,
        null,
        null,
        null,
        null,
        null,
        null,
        null,
        null,
        null,
        null,
        null,
        null,
        null,
        null,
        null,
        null,
        null,
        null,
        null,
        null
      ],
      "/home/r1/project/datingapp-273542-ruby/template-app/config/initializers/filter_parameter_logging.rb": [
        null,
        null,
        null,
        1
      ],
      "/home/r1/project/datingapp-273542-ruby/template-app/config/initializers/inflections.rb": [
        null,
        null,
        null,
        null,
        null,
        null,
        null,
        null,
        null,
        null,
        null,
        null,
        null,
        null,
        null,
        null
      ],
      "/home/r1/project/datingapp-273542-ruby/template-app/config/initializers/mime_types.rb": [
        null,
        null,
        null,
        null
      ],
      "/home/r1/project/datingapp-273542-ruby/template-app/config/initializers/wrap_parameters.rb": [
        null,
        null,
        null,
        null,
        null,
        null,
        1,
        1,
        null,
        null,
        null,
        null,
        null,
        null
      ],
      "/home/r1/project/datingapp-273542-ruby/template-app/app/models/account_block/account.rb": [
        1,
        1,
        1,
        null,
        1,
        null,
        1,
        1,
        1,
        null,
        null,
        null,
        1,
        1,
        1,
        1,
        null,
        1,
        1,
        1,
        1,
        1,
        null,
        1,
        1,
        null,
        1,
        1,
        null,
        1,
        null,
        1,
        0,
        0,
        0,
        0,
        null,
        null,
        1,
        0,
        0,
        null,
        null,
        null,
        1,
        0,
        0,
        0,
        null,
        0,
        null,
        null,
        1,
        0,
        0,
        0,
        null,
        0,
        null,
        null,
        null,
        null,
        1,
        1,
        0,
        0,
        null,
        null,
        null,
        1,
        0,
        0,
        null,
        null,
        null,
        null,
        null
      ],
      "/home/r1/project/datingapp-273542-ruby/template-app/app/models/account_block/application_record.rb": [
        1,
        1,
        1,
        null,
        null
      ],
      "/home/r1/project/datingapp-273542-ruby/template-app/app/models/builder_base/application_record.rb": [
        1,
        1,
        1,
        1,
        null,
        null
      ],
      "/home/r1/project/datingapp-273542-ruby/template-app/app/models/application_record.rb": [
        1,
        1,
        null
      ],
      "/home/r1/project/datingapp-273542-ruby/template-app/app/concerns/bx_block_attachment/patch_account_block_associations.rb": [
        1,
        1,
        1,
        null,
        1,
        1,
        null,
        null,
        null,
        null
      ],
      "/home/r1/project/datingapp-273542-ruby/template-app/app/concerns/bx_block_bulk_uploading/patch_account_block_associations.rb": [
        1,
        1,
        1,
        null,
        1,
        1,
        null,
        null,
        null,
        null
      ],
      "/home/r1/project/datingapp-273542-ruby/template-app/app/concerns/bx_block_push_notifications/patch_account_block_associations.rb": [
        1,
        1,
        1,
        null,
        1,
        1,
        null,
        null,
        null,
        null,
        1,
        null,
        null,
        null,
        1,
        null,
        null,
        null
      ],
      "/home/r1/project/datingapp-273542-ruby/template-app/app/concerns/builder_json_web_token/json_web_token_validation.rb": [
        null,
        null,
        1,
        1,
        null,
        1,
        null,
        null,
        null,
        1,
        null,
        1,
        0,
        null,
        null,
        0,
        0,
        0,
        null,
        null,
        null,
        1,
        null,
        null,
        0,
        null,
        0,
        null,
        null,
        0,
        null,
        null,
        null,
        null,
        null
      ],
      "/home/r1/project/datingapp-273542-ruby/template-app/app/concerns/bx_block_user_status/patch_token_validation_to_update_user_last_request.rb": [
        1,
        1,
        1,
        0,
        null,
        0,
        null,
        null,
        null
      ],
      "/home/r1/project/datingapp-273542-ruby/template-app/app/concerns/bx_block_profile/patch_account_block.rb": [
        1,
        1,
        1,
        null,
        1,
        1,
        null,
        null,
        null
      ],
      "/home/r1/project/datingapp-273542-ruby/template-app/app/concern/bx_block_appointment_management/patch_account_block.rb": [
        null,
        null,
        1,
        1,
        1,
        1,
        1,
        null,
        null,
        null
      ],
      "/home/r1/project/datingapp-273542-ruby/template-app/app/concerns/bx_block_posts/patch_account_block_associations.rb": [
        1,
        1,
        1,
        null,
        1,
        1,
        1,
        null,
        null,
        null,
        null
      ],
      "/home/r1/project/datingapp-273542-ruby/template-app/app/concerns/bx_block_like/patch_account_block_associations.rb": [
        1,
        1,
        1,
        null,
        1,
        1,
        null,
        null,
        null,
        null,
        null,
        null
      ],
      "/home/r1/project/datingapp-273542-ruby/template-app/app/models/bx_block_posts/post.rb": [
        1,
        1,
        1,
        null,
        1,
        1,
        null,
        1,
        null,
        1,
        null,
        null,
        1,
        null,
        null,
        null,
        1,
        1,
        null,
        1,
        1,
        null,
        null,
        null,
        null,
        1,
        0,
        0,
        0,
        0,
        0,
        0,
        null,
        0,
        null,
        null,
        1,
        0,
        null,
        0,
        0,
        0,
        0,
        null,
        null,
        null,
        null,
        null,
        null,
        0,
        null,
        null,
        null
      ],
      "/home/r1/project/datingapp-273542-ruby/template-app/app/models/bx_block_posts/application_record.rb": [
        1,
        1,
        1,
        null,
        null
      ],
      "/home/r1/project/datingapp-273542-ruby/template-app/app/services/bx_block_posts/validators/blob_validator.rb": [
        1,
        null,
        1,
        1,
        1,
        1,
        0,
        null,
        0,
        0,
        0,
        0,
        null,
        null,
        null,
        null,
        0,
        0,
        null,
        null,
        null,
        null,
        null,
        null,
        null,
        0,
        0,
        null,
        null,
        null,
        null,
        1,
        null,
        1,
        0,
        null,
        null,
        null,
        null,
        1,
        0,
        null,
        null,
        null,
        null,
        1,
        0,
        null,
        0,
        null,
        0,
        null,
        0,
        null,
        0,
        null,
        0,
        null,
        null,
        null,
        null,
        null
      ],
      "/home/r1/project/datingapp-273542-ruby/template-app/app/concerns/bx_block_like/patch_bx_block_posts_associations.rb": [
        1,
        1,
        1,
        null,
        1,
        1,
        1,
        null,
        null,
        null,
        1,
        null,
        null,
        null,
        null,
        null,
        null
      ],
      "/home/r1/project/datingapp-273542-ruby/template-app/app/models/bx_block_location/location.rb": [
        1,
        1,
        1,
        1,
        null,
        1,
        null,
        null
      ],
      "/home/r1/project/datingapp-273542-ruby/template-app/app/models/bx_block_location/application_record.rb": [
        1,
        1,
        1,
        null,
        null
      ],
      "/home/r1/project/datingapp-273542-ruby/template-app/app/concerns/bx_block_profile_bio/patch_location_block.rb": [
        null,
        null,
        1,
        1,
        1,
        null,
        1,
        1,
        null,
        null,
        null
      ],
      "/home/r1/project/datingapp-273542-ruby/template-app/app/services/bx_block_profile/update_account_validator.rb": [
        1,
        1,
        1,
        null,
        null,
        1,
        null,
        null,
        null,
        null,
        null,
        null,
        1,
        1,
        null,
        1,
        1,
        1,
        1,
        1,
        1,
        null,
        1,
        0,
        null,
        0,
        null,
        0,
        0,
        null,
        null,
        null,
        1,
        0,
        0,
        null,
        null,
        1,
        0,
        null,
        0,
        null,
        0,
        0,
        0,
        null,
        0,
        0,
        null,
        null,
        0,
        null,
        null,
        1,
        null,
        1,
        0,
        0,
        0,
        null,
        null,
        1,
        0,
        null,
        0,
        null,
        0,
        null,
        null,
        1,
        0,
        0,
        0,
        null,
        null,
        1,
        0,
        null,
        0,
        0,
        null,
        null,
        null,
        null
      ],
      "/home/r1/project/datingapp-273542-ruby/template-app/app/services/bx_block_profile_bio/patch_update_account_validator.rb": [
        null,
        null,
        1,
        1,
        1,
        1,
        null,
        1,
        null,
        null,
        null,
        null,
        null,
        null,
        1,
        null,
        1,
        0,
        0,
        0,
        0,
        0,
        0,
        null,
        0,
        0,
        null,
        null,
        null,
        1,
        null,
        1,
        0,
        0,
        null,
        null,
        null,
        null,
        null,
        null,
        1,
        0,
        0,
        0,
        0,
        0,
        null,
        0,
        null,
        null,
        1,
        0,
        0,
        0,
        null,
        null,
        null,
        null,
        null,
        null
      ],
      "/home/r1/project/datingapp-273542-ruby/template-app/spec/factories/account_block/accounts.rb": [
        1,
        1,
        1,
        1,
        1,
        null,
        null
      ],
      "/home/r1/project/datingapp-273542-ruby/template-app/spec/factories/admin_user.rb": [
        null,
        1,
        1,
        1,
        1,
        1,
        null,
        null
      ],
      "/home/r1/project/datingapp-273542-ruby/template-app/spec/factories/bx_block_time_clock/questions.rb": [
        1,
        1,
        null,
        null,
        null
      ],
      "/home/r1/project/datingapp-273542-ruby/template-app/spec/factories/question_levals.rb": [
        null,
        null,
        null,
        null,
        null,
        1,
        1,
        1,
        1,
        1,
        null,
        null
      ],
      "/home/r1/project/datingapp-273542-ruby/template-app/app/controllers/application_controller.rb": [
        1,
        2,
        null
      ],
      "/home/r1/project/datingapp-273542-ruby/template-app/app/helpers/bx_block_profile_bio/application_helper.rb": [
        null,
        null,
        1,
        1,
        null,
        null
      ],
      "/home/r1/project/datingapp-273542-ruby/template-app/config/routes.rb": [
        1,
        1,
        1,
        1,
        1,
        1,
        null,
        null,
        null,
        null,
        1,
        1,
        1,
        1,
        1,
        1,
        1,
        1,
        null,
        1,
        1,
        null,
        null,
        null,
        null,
        null,
        1,
        1,
        null,
        null,
        1,
        1,
        null,
        1,
        1,
        1,
        null,
        1,
        1,
        null,
        null,
        1,
        1,
        1,
        null,
        null
      ],
      "/home/r1/project/datingapp-273542-ruby/template-app/app/models/admin_user.rb": [
        1,
        null,
        null,
        1,
        null,
        null
      ],
      "/home/r1/project/datingapp-273542-ruby/template-app/app/admin/account_groups.rb": [
        1,
        1,
        1,
        1,
        1,
        null,
        null,
        1,
        null,
        null,
        null,
        null,
        null,
        null,
        1,
        null,
        null,
        null,
        1,
        1,
        1,
        null,
        1,
        0,
        0,
        0,
        0,
        0,
        0,
        null,
        null,
        1,
        1,
        null,
        1,
        0,
        0,
        0,
        0,
        null,
        0,
        null,
        null,
        null
      ],
      "/home/r1/project/datingapp-273542-ruby/template-app/app/models/bx_block_account_groups/group.rb": [
        1,
        1,
        1,
        1,
        null,
        1,
        1,
        null,
        1,
        1,
        null,
        1,
        0,
        null,
        null,
        null
      ],
      "/home/r1/project/datingapp-273542-ruby/template-app/app/models/bx_block_account_groups/application_record.rb": [
        1,
        1,
        1,
        null,
        null
      ],
      "/home/r1/project/datingapp-273542-ruby/template-app/app/admin/admin_users.rb": [
        1,
        1,
        1,
        1,
        1,
        null,
        null,
        1,
        null,
        null,
        null,
        null,
        null,
        null,
        1,
        null,
        null,
        null,
        1,
        1,
        1,
        null,
        1,
        0,
        0,
        0,
        0,
        0,
        0,
        0,
        null,
        null,
        1,
        1,
        1,
        1,
        null,
        1,
        0,
        0,
        0,
        0,
        null,
        0,
        null,
        null,
        null
      ],
      "/home/r1/project/datingapp-273542-ruby/template-app/app/admin/dashboard.rb": [
        1,
        1,
        1,
        1,
        1,
        null,
        null,
        1,
        null,
        null,
        null,
        null,
        null,
        null,
        1,
        null,
        null,
        null,
        1,
        1,
        1,
        null,
        1,
        0,
        0,
        0,
        0,
        null,
        null,
        null,
        null,
        null,
        null,
        null,
        null,
        null,
        null,
        null,
        null,
        null,
        null,
        null,
        null,
        null,
        null,
        null,
        null,
        null,
        null,
        null,
        null,
        null
      ],
      "/home/r1/project/datingapp-273542-ruby/template-app/app/admin/identify_yourself.rb": [
        1,
        1,
        1,
        null,
        1,
        0,
        0,
        0,
        0,
        0,
        0,
        0,
        0,
        0,
        null,
        null,
        1,
        1,
        null,
        1,
        0,
        0,
        0,
        0,
        0,
        0,
        0,
        null,
        0,
        null,
        null
      ],
      "/home/r1/project/datingapp-273542-ruby/template-app/app/models/bx_block_identify_yourself/identify_yourself.rb": [
        1,
        1,
        1,
        null,
        null
      ],
      "/home/r1/project/datingapp-273542-ruby/template-app/app/admin/question_leval_ones.rb": [
        1,
        1,
        1,
        null,
        1,
        0,
        0,
        0,
        0,
        0,
        0,
        0,
        null,
        null,
        1,
        1,
        null,
        1,
        0,
        0,
        0,
        0,
        0,
        null,
        0,
        null,
        null
      ],
      "/home/r1/project/datingapp-273542-ruby/template-app/app/models/bx_block_question_leval_ones/question_leval_one.rb": [
        1,
        1,
        1,
        null,
        null
      ],
      "/home/r1/project/datingapp-273542-ruby/template-app/app/models/bx_block_question_leval_ones/application_record.rb": [
        1,
        1,
        1,
        null,
        null
      ],
      "/home/r1/project/datingapp-273542-ruby/template-app/app/admin/questions_of_the_days.rb": [
        1,
        1,
        1,
        null,
        1,
        0,
        0,
        0,
        0,
        0,
        0,
        0,
        0,
        null,
        null,
        1,
        1,
        null,
        1,
        0,
        0,
        0,
        0,
        0,
        0,
        null,
        0,
        null,
        null
      ],
      "/home/r1/project/datingapp-273542-ruby/template-app/app/models/bx_block_questions_of_the_days/question_of_the_day.rb": [
        1,
        1,
        1,
        1,
        1,
        0,
        0,
        0,
        null,
        null,
        null,
        null
      ],
      "/home/r1/project/datingapp-273542-ruby/template-app/app/models/bx_block_questions_of_the_days/application_record.rb": [
        1,
        1,
        1,
        null,
        null
      ],
      "/home/r1/project/datingapp-273542-ruby/template-app/spec/support/factory_bot.rb": [
        1,
        null,
        1,
        1,
        null
      ],
      "/home/r1/project/datingapp-273542-ruby/template-app/app/controllers/bx_block_time_clock/questions_controller.rb": [
        1,
        1,
        1,
        null,
        1,
        1,
        1,
        null,
        null,
        null
      ],
      "/home/r1/project/datingapp-273542-ruby/template-app/app/controllers/bx_block_time_clock/application_controller.rb": [
        1,
        1,
        null,
        null
      ],
      "/home/r1/project/datingapp-273542-ruby/template-app/app/controllers/builder_base/application_controller.rb": [
        1,
        1,
        1,
        1,
        null,
        1,
        0,
        null,
        null,
        null
      ],
      "/home/r1/project/datingapp-273542-ruby/template-app/app/models/bx_block_time_clock/question.rb": [
        1,
        1,
        1,
        1,
        null,
        null
      ],
      "/home/r1/project/datingapp-273542-ruby/template-app/app/models/bx_block_time_clock/application_record.rb": [
        1,
        1,
        1,
        null,
        null
      ],
      "/home/r1/project/datingapp-273542-ruby/template-app/app/serializers/bx_block_time_clock/question_serializer.rb": [
        1,
        1,
        1,
        null,
        null,
        null,
        null,
        null,
        null
      ],
      "/home/r1/project/datingapp-273542-ruby/template-app/app/serializers/builder_base/base_serializer.rb": [
        1,
        1,
        1,
        null,
        1,
        1,
        null,
        1,
        0,
        null,
        null,
        null,
        null
      ]
    },
    "timestamp": 1682495444
  }
}
